JvmtiExport can_access_local_variables 0
JvmtiExport can_hotswap_or_post_breakpoint 0
JvmtiExport can_post_on_exceptions 0
# 1188 ciObject found
ciMethod java/lang/Object <init> ()V 4097 1 19383821 0 0
ciMethod java/lang/Object getClass ()Ljava/lang/Class; 2129 1 266 0 -1
ciMethod java/lang/String <init> ([CII)V 1865 1 37507 0 704
ciMethod java/lang/String length ()I 4097 1 941432 0 -1
ciMethod java/lang/String getChars (II[CI)V 2137 1 822548 0 -1
ciMethod java/lang/String equals (Ljava/lang/Object;)Z 2009 9209 2480 0 -1
ciMethod java/lang/String startsWith (Ljava/lang/String;)Z 2201 1 34126 0 -1
ciMethod java/lang/String endsWith (Ljava/lang/String;)Z 2169 1 6392 0 -1
ciMethod java/lang/String substring (I)Ljava/lang/String; 353 1 242307 0 -1
ciMethod java/lang/Class getSuperclass ()Ljava/lang/Class; 345 1 43 0 -1
ciMethod java/lang/Class getMethod (Ljava/lang/String;[Ljava/lang/Class;)Ljava/lang/reflect/Method; 49 1 6 0 -1
ciMethod java/lang/Class isEnum ()Z 41 1 5 0 -1
ciMethod java/lang/Class getEnumConstantsShared ()[Ljava/lang/Object; 344297 1 48241 0 64
ciMethod java/lang/System arraycopy (Ljava/lang/Object;ILjava/lang/Object;II)V 7169 1 896 0 -1
ciMethod java/lang/RuntimeException <init> (Ljava/lang/String;)V 0 0 141 0 -1
ciMethod java/util/Map get (Ljava/lang/Object;)Ljava/lang/Object; 0 0 1 0 -1
ciMethod java/util/Map put (Ljava/lang/Object;Ljava/lang/Object;)Ljava/lang/Object; 0 0 1 0 -1
ciMethod java/util/Map values ()Ljava/util/Collection; 0 0 1 0 -1
ciMethod java/util/Map entrySet ()Ljava/util/Set; 0 0 1 0 -1
ciMethod java/lang/reflect/Method invoke (Ljava/lang/Object;[Ljava/lang/Object;)Ljava/lang/Object; 41 1 5 0 -1
ciMethod java/lang/AbstractStringBuilder <init> (I)V 68793 1 271824 0 256
ciMethod java/lang/AbstractStringBuilder ensureCapacityInternal (I)V 4097 1 829733 0 -1
ciMethod java/lang/AbstractStringBuilder append (Ljava/lang/String;)Ljava/lang/AbstractStringBuilder; 1737 1 826426 0 1024
ciMethod java/lang/AbstractStringBuilder appendNull ()Ljava/lang/AbstractStringBuilder; 0 0 1 0 -1
ciMethod java/lang/StringBuilder <init> ()V 777 1 262850 0 0
ciMethod java/lang/StringBuilder append (Ljava/lang/String;)Ljava/lang/StringBuilder; 1449 1 785131 0 0
ciMethod java/lang/StringBuilder append (I)Ljava/lang/StringBuilder; 0 0 8 0 -1
ciMethod java/lang/StringBuilder toString ()Ljava/lang/String; 769 1 262664 0 0
ciMethod java/lang/Long numberOfTrailingZeros (J)I 1657 1 282013 0 -1
ciMethod java/lang/Long bitCount (J)I 1881 1 1262 0 -1
ciMethod java/lang/NullPointerException <init> (Ljava/lang/String;)V 0 0 1 0 -1
ciMethod java/security/AccessController doPrivileged (Ljava/security/PrivilegedAction;)Ljava/lang/Object; 553 1 69 0 -1
ciMethod java/util/Collection iterator ()Ljava/util/Iterator; 0 0 1 0 -1
ciMethod java/util/List size ()I 0 0 1 0 -1
ciMethod java/util/List get (I)Ljava/lang/Object; 0 0 1 0 -1
ciMethod java/util/Vector size ()I 2905 1 363 0 -1
ciMethod java/util/Vector add (Ljava/lang/Object;)Z 4097 1 5773 0 -1
ciMethod java/util/AbstractList <init> ()V 1849 1 1740975 0 32
ciMethod java/util/AbstractCollection <init> ()V 337 1 2728347 0 0
ciMethod java/util/AbstractCollection contains (Ljava/lang/Object;)Z 0 0 1 0 -1
ciMethod java/util/AbstractCollection remove (Ljava/lang/Object;)Z 0 0 1 0 -1
ciMethod java/util/Stack <init> ()V 2553 1 38204 0 -1
ciMethod java/util/Stack pop ()Ljava/lang/Object; 105 1 1074048 0 -1
ciMethod java/util/ArrayList <init> (I)V 4097 1 284362 0 -1
ciMethod java/util/ArrayList <init> ()V 241 1 1391441 0 64
ciMethod java/util/ArrayList <init> (Ljava/util/Collection;)V 4097 1 10209 0 -1
ciMethod java/util/ArrayList size ()I 1121 1 140 0 0
ciMethod java/util/ArrayList isEmpty ()Z 2913 1 4448740 0 -1
ciMethod java/util/ArrayList indexOf (Ljava/lang/Object;)I 4097 825 13665 0 -1
ciMethod java/util/ArrayList elementData (I)Ljava/lang/Object; 1929 1 17657244 0 0
ciMethod java/util/ArrayList get (I)Ljava/lang/Object; 1929 1 17335840 0 128
ciMethod java/util/ArrayList add (Ljava/lang/Object;)Z 385 1 6199094 0 -1
ciMethod java/util/ArrayList add (ILjava/lang/Object;)V 3169 1 183596 0 -1
ciMethod java/util/ArrayList remove (I)Ljava/lang/Object; 2353 1 6444 0 -1
ciMethod java/util/ArrayList remove (Ljava/lang/Object;)Z 4097 4609 63542 0 -1
ciMethod java/util/ArrayList rangeCheck (I)V 1929 1 17607610 0 64
ciMethod java/util/ArrayList iterator ()Ljava/util/Iterator; 2353 1 1968419 0 160
ciMethod java/util/ArrayList access$000 (Ljava/util/ArrayList;)I 1281 1 160 0 0
ciMethod java/util/Set contains (Ljava/lang/Object;)Z 0 0 1 0 -1
ciMethod java/util/Set iterator ()Ljava/util/Iterator; 0 0 1 0 -1
ciMethod java/util/AbstractSet <init> ()V 65 1 906289 0 0
ciMethod java/util/AbstractMap <init> ()V 377 1 1723763 0 0
ciMethod sun/misc/SharedSecrets getJavaLangAccess ()Lsun/misc/JavaLangAccess; 4129 1 3983 0 0
ciMethod java/util/HashMap <init> (I)V 529 1 6435 0 -1
ciMethod java/util/HashMap <init> ()V 145 1 1627711 0 0
ciMethod java/util/HashMap put (Ljava/lang/Object;Ljava/lang/Object;)Ljava/lang/Object; 4097 1 284930 0 -1
ciMethod java/util/Map$Entry getKey ()Ljava/lang/Object; 0 0 1 0 -1
ciMethod java/util/Map$Entry getValue ()Ljava/lang/Object; 0 0 1 0 -1
ciMethod java/lang/Math max (II)I 273 1 1401904 0 -1
ciMethod java/lang/Math min (II)I 3353 1 608191 0 -1
ciMethod java/util/Arrays copyOf ([JI)[J 156209 1 22652 0 0
ciMethod java/util/Arrays copyOfRange ([CII)[C 2065 1 7913 0 -1
ciMethod java/util/TreeMap <init> ()V 3649 1 14162 0 0
ciMethod java/util/TreeMap size ()I 1673 1 209 0 -1
ciMethod java/util/TreeMap get (Ljava/lang/Object;)Ljava/lang/Object; 4097 1 334740 0 1600
ciMethod java/util/TreeMap getEntry (Ljava/lang/Object;)Ljava/util/TreeMap$Entry; 4097 1 3626 0 -1
ciMethod java/util/TreeMap put (Ljava/lang/Object;Ljava/lang/Object;)Ljava/lang/Object; 3929 24577 2964 0 -1
ciMethodData java/lang/Object <init> ()V 2 19383825 orig 264 56 157 28 116 0 0 0 0 128 4 222 20 0 0 0 0 32 1 0 0 0 0 0 0 0 0 0 0 0 0 0 0 0 0 0 0 0 0 0 0 0 0 0 0 0 0 0 0 0 0 0 0 0 0 0 0 0 0 0 0 0 0 0 0 0 0 0 0 0 0 0 0 0 0 0 0 0 0 0 0 77 68 79 32 101 120 116 114 97 32 100 97 116 97 32 108 111 99 107 0 0 0 0 0 0 0 0 0 0 0 0 0 0 0 0 0 0 0 0 0 0 0 0 0 0 0 0 0 0 0 0 0 0 0 0 0 0 0 0 0 0 0 0 0 0 0 0 0 0 0 0 0 0 0 0 0 0 0 0 0 0 0 0 0 0 0 0 0 0 0 0 0 0 0 0 0 0 0 0 0 0 0 0 0 1 0 0 0 0 0 0 0 1 0 0 0 0 0 0 0 1 0 0 0 0 0 0 0 0 0 0 0 0 0 0 0 0 2 0 0 137 32 62 9 1 0 0 0 0 0 0 0 0 0 0 0 2 0 0 0 0 0 3 0 1 0 0 0 0 0 0 0 255 255 255 255 0 0 0 0 0 0 0 0 data 0 oops 0
ciMethod java/util/Iterator hasNext ()Z 0 0 1 0 -1
ciMethod java/util/Iterator next ()Ljava/lang/Object; 0 0 1 0 -1
ciMethod java/lang/Enum ordinal ()I 2073 1 259 0 0
ciMethod sun/misc/JavaLangAccess getEnumConstantsShared (Ljava/lang/Class;)[Ljava/lang/Enum; 0 0 1 0 -1
ciMethod java/lang/System$2 getEnumConstantsShared (Ljava/lang/Class;)[Ljava/lang/Enum; 4121 1 3988 0 0
ciMethod java/util/concurrent/ConcurrentMap get (Ljava/lang/Object;)Ljava/lang/Object; 0 0 1 0 -1
ciMethod java/util/BitSet wordIndex (I)I 2049 1 1017272 0 0
ciMethod java/util/BitSet checkInvariants ()V 2049 1 9764 0 32
ciMethod java/util/BitSet recalculateWordsInUse ()V 2793 2049 6531 0 128
ciMethod java/util/BitSet <init> (I)V 3121 1 7844 0 288
ciMethod java/util/BitSet initWords (I)V 3097 1 7841 0 0
ciMethod java/util/BitSet ensureCapacity (I)V 233 1 74738 0 0
ciMethod java/util/BitSet expandTo (I)V 4097 1 358035 0 0
ciMethod java/util/BitSet checkRange (II)V 4097 1 352476 0 128
ciMethod java/util/BitSet set (I)V 2081 1 6643 0 320
ciMethod java/util/BitSet set (II)V 4097 1 352507 0 1440
ciMethod java/util/BitSet set (IIZ)V 1233 1 37241 0 -1
ciMethod java/util/BitSet clear (I)V 2801 1 6599 0 224
ciMethod java/util/BitSet clear ()V 5313 64569 2052 0 -1
ciMethod java/util/BitSet get (I)Z 1289 1 5584 0 160
ciMethod java/util/BitSet nextSetBit (I)I 3073 1 7393 0 352
ciMethod java/util/BitSet cardinality ()I 2049 262145 75414 0 128
ciMethod java/util/BitSet clone ()Ljava/lang/Object; 4097 1 591791 0 -1
ciMethod java/util/HashSet <init> ()V 33 1 871739 0 0
ciMethod java/util/HashSet contains (Ljava/lang/Object;)Z 3793 1 142377 0 -1
ciMethod java/util/HashSet add (Ljava/lang/Object;)Z 4097 1 174074 0 -1
ciMethodData java/lang/StringBuilder <init> ()V 2 263147 orig 264 56 157 28 116 0 0 0 0 232 128 229 20 0 0 0 0 48 1 0 0 0 0 0 0 0 0 0 0 0 0 0 0 0 0 0 0 0 0 0 0 0 0 0 0 0 0 0 0 0 0 0 0 0 0 0 0 0 0 0 0 0 0 0 0 0 0 0 0 0 0 0 0 0 0 0 0 0 0 0 0 77 68 79 32 101 120 116 114 97 32 100 97 116 97 32 108 111 99 107 0 0 0 0 0 0 0 0 0 0 0 0 0 0 0 0 0 0 0 0 0 0 0 0 0 0 0 0 0 0 0 0 0 0 0 0 0 0 0 0 0 0 0 0 0 0 0 0 0 0 0 0 0 0 0 0 0 0 0 0 0 0 0 0 0 0 0 0 0 0 0 0 0 0 0 0 0 0 0 0 0 0 0 0 0 1 0 0 0 0 0 0 0 0 0 0 0 0 0 0 0 1 0 0 0 0 0 0 0 0 0 0 0 0 0 0 0 97 0 0 0 81 28 32 0 1 0 0 0 0 0 0 0 0 0 0 0 2 0 0 0 0 0 3 0 2 0 0 0 16 0 0 0 255 255 255 255 2 0 3 0 0 0 0 0 data 2 0x30002 0x40391 oops 0
ciMethodData java/lang/AbstractStringBuilder <init> (I)V 2 272088 orig 264 56 157 28 116 0 0 0 0 24 68 229 20 0 0 0 0 56 1 0 0 0 0 0 0 0 0 0 0 0 0 0 0 0 0 0 0 0 0 0 0 0 0 0 0 0 0 0 0 0 0 0 0 0 0 0 0 0 0 0 0 0 0 0 0 0 0 0 0 0 0 0 0 0 0 0 0 0 0 0 0 77 68 79 32 101 120 116 114 97 32 100 97 116 97 32 108 111 99 107 0 0 0 0 0 0 0 0 0 0 0 0 0 0 0 0 0 0 0 0 0 0 0 0 0 0 0 0 0 0 0 0 0 0 0 0 0 0 0 0 0 0 0 0 0 0 0 0 0 0 0 0 0 0 0 0 0 0 0 0 0 0 0 0 0 0 0 0 0 0 0 0 0 0 0 0 0 0 0 0 0 0 0 0 0 9 0 0 0 0 0 0 0 0 0 0 0 0 0 0 0 1 0 0 0 0 0 0 0 0 0 0 0 0 0 0 0 123 0 0 0 9 42 32 0 1 0 0 0 0 0 0 0 0 0 0 0 2 0 0 0 0 0 3 0 2 0 0 0 16 0 0 0 255 255 255 255 2 0 1 0 0 0 0 0 data 2 0x10002 0x40546 oops 0
ciMethodData java/lang/StringBuilder append (Ljava/lang/String;)Ljava/lang/StringBuilder; 2 786018 orig 264 56 157 28 116 0 0 0 0 0 132 229 20 0 0 0 0 56 1 0 0 0 0 0 0 0 0 0 0 0 0 0 0 0 0 0 0 0 0 0 0 0 0 0 0 0 0 0 0 0 0 0 0 0 0 0 0 0 0 0 0 0 0 0 0 0 0 0 0 0 0 0 0 0 0 0 0 0 0 0 0 77 68 79 32 101 120 116 114 97 32 100 97 116 97 32 108 111 99 107 0 0 0 0 0 0 0 0 0 0 0 0 0 0 0 0 0 0 0 0 0 0 0 0 0 0 0 0 0 0 0 0 0 0 0 0 0 0 0 0 0 0 0 0 0 0 0 0 0 0 0 0 0 0 0 0 0 0 0 0 0 0 0 0 0 0 0 0 0 0 0 0 0 0 0 0 0 0 0 0 0 0 0 0 0 19 0 0 0 0 0 0 0 0 0 0 0 0 0 0 0 2 0 0 0 0 0 0 0 1 0 0 0 0 0 0 0 181 0 0 0 105 237 95 0 1 0 0 0 0 0 0 0 0 0 0 0 2 0 0 0 0 0 3 0 2 0 0 0 16 0 0 0 255 255 255 255 2 0 2 0 0 0 0 0 data 2 0x20002 0xbfe05 oops 0
ciMethodData java/lang/AbstractStringBuilder append (Ljava/lang/String;)Ljava/lang/AbstractStringBuilder; 2 826426 orig 264 56 157 28 116 0 0 0 0 240 79 229 20 0 0 0 0 240 1 0 0 32 0 0 0 0 0 0 0 0 0 0 0 0 0 0 0 0 0 0 0 0 0 0 0 0 0 0 0 0 0 0 0 0 0 0 0 0 0 0 0 0 0 0 0 0 0 0 0 0 0 0 0 0 0 0 0 0 0 0 0 77 68 79 32 101 120 116 114 97 32 100 97 116 97 32 108 111 99 107 0 0 0 0 0 0 0 0 0 0 0 0 0 0 0 0 0 0 0 0 0 0 0 0 0 0 0 0 0 0 0 0 0 0 0 0 0 0 0 0 0 0 0 0 0 0 0 0 0 0 0 0 0 0 0 0 0 0 0 0 0 0 0 0 0 0 0 0 0 0 0 0 0 0 0 0 0 0 0 0 0 0 0 0 0 17 0 0 0 0 0 0 0 0 0 0 0 0 0 0 0 2 0 0 0 0 0 0 0 1 0 0 0 0 0 0 0 217 0 0 0 9 219 100 0 1 0 0 0 0 0 0 0 0 0 0 0 2 0 0 0 0 0 14 0 2 0 0 0 160 0 0 0 255 255 255 255 7 0 1 0 0 0 0 0 data 20 0x10007 0xc9bb0 0x30 0x0 0x50002 0x0 0xa0005 0x81 0x30868c0 0xc9b38 0x0 0x0 0x150002 0xc9bc4 0x230005 0x81 0x30868c0 0xc9bda 0x0 0x0 oops 2